<?xml version="1.0" encoding="UTF-8"?>
<!-- Generated by org.testng.reporters.JUnitReportReporter -->
<testsuite hostname="LMCTAG039" failures="0" tests="1" name="com.extentReport.ExtentReport" time="1.137" errors="0" timestamp="2022-03-24T11:03:23 IST" skipped="0">
  <testcase classname="com.extentReport.ExtentReport" name="test1" time="1.137"/>
  <system-out/>
</testsuite> <!-- com.extentReport.ExtentReport -->
