<?xml version="1.0" encoding="UTF-8"?>
<!-- Generated by org.testng.reporters.JUnitReportReporter -->
<testsuite hostname="LMCTAG039" failures="0" tests="1" name="com.test.Base" time="3.940" errors="0" timestamp="2022-03-23T17:41:08 IST" skipped="0">
  <testcase classname="com.test.Base" name="launch" time="3.940"/>
  <system-out/>
</testsuite> <!-- com.test.Base -->
